<?xml version="1.0" encoding="UTF-8" ?>
<testsuite errors="0" failures="0" hostname="Paco-Ubuntu" name="pr치cticaunidad3.CCuentaTest" tests="3" time="0.111" timestamp="2011-05-01T16:01:39">
  <properties>
    <property name="libs.jsp-compiler.javadoc" value="" />
    <property name="netbeans.autoupdate.country" value="ES" />
    <property name="javac.test.classpath" value=":build/classes:/usr/local/netbeans-6.9.1/java/modules/ext/junit-3.8.2.jar" />
    <property name="libs.jsf20.maven-pom" value="" />
    <property name="libs.DataBindingME.src" value="" />
    <property name="libs.j2me_ant_ext.javadoc" value="" />
    <property name="libs.proguard.javadoc" value="" />
    <property name="libs.junit.javadoc" value="/usr/local/netbeans-6.9.1/java/docs/junit-3.8.2-api.zip" />
    <property name="libs.nsicom-ant-utils.src" value="" />
    <property name="libs.nokiaS80-ant-utils.javadoc" value="" />
    <property name="ant.core.lib" value="/usr/local/netbeans-6.9.1/java/ant/lib/ant.jar" />
    <property name="libs.swing-app-framework.src" value="" />
    <property name="libs.jakarta_slide_ant_webdav.javadoc" value="" />
    <property name="javadoc.windowtitle" value="" />
    <property name="libs.toplink.classpath" value="/usr/local/netbeans-6.9.1/java/modules/ext/toplink/toplink-essentials.jar:/usr/local/netbeans-6.9.1/java/modules/ext/toplink/toplink-essentials-agent.jar" />
    <property name="libs.jsp-compilation.javadoc" value="" />
    <property name="user.dir" value="/home/paco/NetBeansProjects/Pr치cticaUnidad3" />
    <property name="libs.hibernate-persistence.javadoc" value="" />
    <property name="libs.JMUnit4CLDC10.javadoc" value="/usr/local/netbeans-6.9.1/mobility/modules/docs/jmunit-1.2.1-api.zip" />
    <property name="java.vm.version" value="17.1-b03" />
    <property name="libs.DataBindingME.classpath" value="/usr/local/netbeans-6.9.1/mobility/modules/ext/netbeans_databindingme.jar" />
    <property name="libs.jstl11.maven-pom" value="" />
    <property name="libs.Java-EE-GlassFish-v3.wsimport" value="" />
    <property name="libs.nsicom-ant-utils.classpath" value="/usr/local/netbeans-6.9.1/mobility/ant/nblib/org-netbeans-modules-j2me-cdc-project-nsicom.jar" />
    <property name="libs.MySQLDriver.classpath" value="/usr/local/netbeans-6.9.1/ide/modules/ext/mysql-connector-java-5.1.6-bin.jar" />
    <property name="ant.file.Pr치cticaUnidad3-impl" value="/home/paco/NetBeansProjects/Pr치cticaUnidad3/nbproject/build-impl.xml" />
    <property name="libs.jstl11.src" value="" />
    <property name="javadoc.notree" value="false" />
    <property name="netbeans.autoupdate.version" value="1.23" />
    <property name="libs.EclipseLink-GlassFish-v3.classpath" value="/usr/local/glassfish-3.0.1/glassfish/modules/org.eclipse.persistence.oracle.jar:/usr/local/glassfish-3.0.1/glassfish/modules/org.eclipse.persistence.antlr.jar:/usr/local/glassfish-3.0.1/glassfish/modules/org.eclipse.persistence.jpa.modelgen.jar:/usr/local/glassfish-3.0.1/glassfish/modules/org.eclipse.persistence.core.jar:/usr/local/glassfish-3.0.1/glassfish/modules/org.eclipse.persistence.asm.jar:/usr/local/glassfish-3.0.1/glassfish/modules/org.eclipse.persistence.jpa.jar:/usr/local/glassfish-3.0.1/glassfish/modules/javax.persistence.jar" />
    <property name="libs.javaee-web-api-6.0.classpath" value="/usr/local/netbeans-6.9.1/enterprise/modules/ext/javaee-web-api-6.0.jar" />
    <property name="libs.DataBindingME-PIM.maven-pom" value="" />
    <property name="libs.hibernate-support.maven-pom" value="" />
    <property name="libs.hibernate-support.javadoc" value="" />
    <property name="libs.NetBeans MIDP Components.maven-pom" value="" />
    <property name="jdk.home" value="/home/paco/jdk1.6.0_22" />
    <property name="libs.javac-api.src" value="" />
    <property name="javadoc.noindex" value="false" />
    <property name="sun.os.patch.level" value="unknown" />
    <property name="do.archive+manifest.available" value="true" />
    <property name="java.vm.specification.name" value="Java Virtual Machine Specification" />
    <property name="libs.semc-ant-utils.classpath" value="/usr/local/netbeans-6.9.1/mobility/modules/ext/org-netbeans-modules-j2me-cdc-project-semc.jar" />
    <property name="nb.show.statistics.ui" value="usageStatisticsEnabled" />
    <property name="libs.nokiadeployment.classpath" value="/usr/local/netbeans-6.9.1/mobility/modules/org-netbeans-modules-mobility-deployment-nokia.jar" />
    <property name="netbeans.autoupdate.variant" value="" />
    <property name="have.tests" value="true" />
    <property name="libs.nokiaS80-ant-utils.maven-pom" value="" />
    <property name="org.xml.sax.driver" value="com.sun.org.apache.xerces.internal.jaxp.SAXParserImpl$JAXPSAXParser" />
    <property name="libs.nb_svg_midp_components.src" value="/usr/local/netbeans-6.9.1/mobility/sources/nb_svg_midp_components-src.zip" />
    <property name="libs.NetBeans MIDP Components WMA.src" value="/usr/local/netbeans-6.9.1/mobility/sources/netbeans_midp_components_wma-src.zip" />
    <property name="libs.javac-api.javadoc" value="" />
    <property name="os.name" value="Linux" />
    <property name="libs.beans-binding.classpath" value="/usr/local/netbeans-6.9.1/java/modules/ext/beansbinding-1.2.1.jar" />
    <property name="libs.DataBindingME-SVG.javadoc" value="/usr/local/netbeans-6.9.1/mobility/modules/docs/netbeans_databindingme_svg-api.zip" />
    <property name="libs.restapi.javadoc" value="/usr/local/netbeans-6.9.1/enterprise/docs/jsr311-api-1.1.1-javadoc.zip" />
    <property name="libs.JWSAntTasks.maven-pom" value="" />
    <property name="libs.ojec-ant-utils.src" value="" />
    <property name="libs.spring-webmvc3.0.src" value="" />
    <property name="libs.restapi.classpath" value="/usr/local/netbeans-6.9.1/enterprise/modules/ext/rest/jsr311-api-1.1.1.jar" />
    <property name="java.vendor.url.bug" value="http://java.sun.com/cgi-bin/bugreport.cgi" />
    <property name="libs.nsicom-ant-utils.javadoc" value="" />
    <property name="libs.jaxb.maven-pom" value="" />
    <property name="os.arch" value="amd64" />
    <property name="libs.eclipselink.src" value="" />
    <property name="user.name" value="paco" />
    <property name="libs.jsf12.javadoc" value="/usr/local/netbeans-6.9.1/enterprise/docs/javaee6-doc-api.zip" />
    <property name="libs.Comet-GlassFish-v3.javadoc" value="" />
    <property name="manifest.available+main.class" value="true" />
    <property name="libs.spring-webmvc3.0.maven-pom" value="" />
    <property name="libs.swing-layout.maven-pom" value="" />
    <property name="build.classes.dir" value="build/classes" />
    <property name="netbeans.accept_license_class" value="org.netbeans.license.AcceptLicense" />
    <property name="libs.Java-EE-GlassFish-v3.wsjwsdp" value="" />
    <property name="build.sysclasspath" value="ignore" />
    <property name="libs.jaxws21.javadoc" value="/usr/local/netbeans-6.9.1/java/docs/jaxws-api-doc.zip" />
    <property name="includes" value="**" />
    <property name="platforms.default_fx_platform.java" value="/home/paco/jdk1.6.0_22/jre/bin/java" />
    <property name="libs.ojec-ant-utils.maven-pom" value="" />
    <property name="user.country" value="ES" />
    <property name="manifest.file" value="manifest.mf" />
    <property name="libs.jstl11.javadoc" value="/usr/local/netbeans-6.9.1/enterprise/docs/javaee6-doc-api.zip" />
    <property name="libs.JMUnit4CLDC11.src" value="" />
    <property name="javadoc.encoding" value="UTF-8" />
    <property name="javac.classpath" value="" />
    <property name="debug-transport" value="dt_socket" />
    <property name="netbeans.system_http_non_proxy_hosts" value="" />
    <property name="netbeans.home" value="/usr/local/netbeans-6.9.1/platform" />
    <property name="build.compiler.emacs" value="true" />
    <property name="libs.javaee-web-api-6.0.src" value="" />
    <property name="libs.ejb3-persistence.src" value="" />
    <property name="libs.Java-EE-GlassFish-v3.javadoc" value="/usr/local/netbeans-6.9.1/enterprise/docs/javaee6-doc-api.zip" />
    <property name="libs.nokiaS80-ant-utils.src" value="" />
    <property name="libs.cdc-pp-awt-layout.javadoc" value="" />
    <property name="libs.j2me_ant_ext.classpath" value="/usr/local/netbeans-6.9.1/mobility/modules/org-netbeans-modules-mobility-antext.jar:/usr/local/netbeans-6.9.1/java/modules/org-netbeans-modules-classfile.jar" />
    <property name="java.endorsed.dirs" value="/home/paco/jdk1.6.0_22/jre/lib/endorsed" />
    <property name="libs.Comet-GlassFish-v3.maven-pom" value="" />
    <property name="libs.groovy-all.src" value="" />
    <property name="netbeans.dynamic.classpath" value="/home/paco/.netbeans/6.9/core/core.jar:/home/paco/.netbeans/6.9/core/locale/core_pt_BR.jar:/home/paco/.netbeans/6.9/core/locale/core_zh_CN.jar:/home/paco/.netbeans/6.9/core/locale/core_ja.jar:/usr/local/netbeans-6.9.1/platform/core/org-openide-filesystems.jar:/usr/local/netbeans-6.9.1/platform/core/locale/core_fr.jar:/usr/local/netbeans-6.9.1/platform/core/locale/core_de.jar:/usr/local/netbeans-6.9.1/platform/core/locale/core_ru.jar:/usr/local/netbeans-6.9.1/platform/core/locale/org-openide-filesystems_it.jar:/usr/local/netbeans-6.9.1/platform/core/locale/org-openide-filesystems_pt_PT.jar:/usr/local/netbeans-6.9.1/platform/core/locale/org-openide-filesystems_fr.jar:/usr/local/netbeans-6.9.1/platform/core/locale/core_gl_ES.jar:/usr/local/netbeans-6.9.1/platform/core/locale/org-openide-filesystems_sv.jar:/usr/local/netbeans-6.9.1/platform/core/locale/org-openide-filesystems_ar_SA.jar:/usr/local/netbeans-6.9.1/platform/core/locale/org-openide-filesystems_de.jar:/usr/local/netbeans-6.9.1/platform/core/locale/core_tr.jar:/usr/local/netbeans-6.9.1/platform/core/locale/core_es.jar:/usr/local/netbeans-6.9.1/platform/core/locale/org-openide-filesystems_ru.jar:/usr/local/netbeans-6.9.1/platform/core/locale/org-openide-filesystems_in_ID.jar:/usr/local/netbeans-6.9.1/platform/core/locale/org-openide-filesystems_ro.jar:/usr/local/netbeans-6.9.1/platform/core/locale/core_sq.jar:/usr/local/netbeans-6.9.1/platform/core/locale/org-openide-filesystems_ko.jar:/usr/local/netbeans-6.9.1/platform/core/locale/core_ar_SA.jar:/usr/local/netbeans-6.9.1/platform/core/locale/org-openide-filesystems_gl_ES.jar:/usr/local/netbeans-6.9.1/platform/core/locale/core_pl.jar:/usr/local/netbeans-6.9.1/platform/core/locale/org-openide-filesystems_sq.jar:/usr/local/netbeans-6.9.1/platform/core/locale/org-openide-filesystems_es.jar:/usr/local/netbeans-6.9.1/platform/core/locale/core_it.jar:/usr/local/netbeans-6.9.1/platform/core/locale/core_cs.jar:/usr/local/netbeans-6.9.1/platform/core/locale/core_ko.jar:/usr/local/netbeans-6.9.1/platform/core/locale/org-openide-filesystems_tr.jar:/usr/local/netbeans-6.9.1/platform/core/locale/org-openide-filesystems_nl_NL.jar:/usr/local/netbeans-6.9.1/platform/core/locale/core_pt_PT.jar:/usr/local/netbeans-6.9.1/platform/core/locale/core_ro.jar:/usr/local/netbeans-6.9.1/platform/core/locale/core_zh_TW.jar:/usr/local/netbeans-6.9.1/platform/core/locale/core_nl_NL.jar:/usr/local/netbeans-6.9.1/platform/core/locale/org-openide-filesystems_ca.jar:/usr/local/netbeans-6.9.1/platform/core/locale/org-openide-filesystems_zh_TW.jar:/usr/local/netbeans-6.9.1/platform/core/locale/org-openide-filesystems_pl.jar:/usr/local/netbeans-6.9.1/platform/core/locale/core_in_ID.jar:/usr/local/netbeans-6.9.1/platform/core/locale/core_sv.jar:/usr/local/netbeans-6.9.1/platform/core/locale/org-openide-filesystems_cs.jar:/usr/local/netbeans-6.9.1/platform/core/locale/core_ca.jar:/usr/local/netbeans-6.9.1/nb/core/org-netbeans-upgrader.jar:/usr/local/netbeans-6.9.1/nb/core/locale/org-netbeans-upgrader_tr.jar:/usr/local/netbeans-6.9.1/nb/core/locale/org-netbeans-upgrader_nl_NL.jar:/usr/local/netbeans-6.9.1/nb/core/locale/org-netbeans-upgrader_gl_ES.jar:/usr/local/netbeans-6.9.1/nb/core/locale/core_nb.jar:/usr/local/netbeans-6.9.1/nb/core/locale/org-netbeans-upgrader_ca.jar:/usr/local/netbeans-6.9.1/nb/core/locale/org-netbeans-upgrader_ko.jar:/usr/local/netbeans-6.9.1/nb/core/locale/org-netbeans-upgrader_it.jar:/usr/local/netbeans-6.9.1/nb/core/locale/core_nb_zh_TW.jar:/usr/local/netbeans-6.9.1/nb/core/locale/core_nb_ca.jar:/usr/local/netbeans-6.9.1/nb/core/locale/core_nb_es.jar:/usr/local/netbeans-6.9.1/nb/core/locale/core_nb_gl_ES.jar:/usr/local/netbeans-6.9.1/nb/core/locale/core_nb_fr.jar:/usr/local/netbeans-6.9.1/nb/core/locale/core_nb_ko.jar:/usr/local/netbeans-6.9.1/nb/core/locale/org-netbeans-upgrader_sv.jar:/usr/local/netbeans-6.9.1/nb/core/locale/core_nb_nl_NL.jar:/usr/local/netbeans-6.9.1/nb/core/locale/org-netbeans-upgrader_ru.jar:/usr/local/netbeans-6.9.1/nb/core/locale/core_nb_ru.jar:/usr/local/netbeans-6.9.1/nb/core/locale/core_nb_tr.jar:/usr/local/netbeans-6.9.1/nb/core/locale/org-netbeans-upgrader_de.jar:/usr/local/netbeans-6.9.1/nb/core/locale/core_nb_it.jar:/usr/local/netbeans-6.9.1/nb/core/locale/core_nb_de.jar:/usr/local/netbeans-6.9.1/nb/core/locale/org-netbeans-upgrader_es.jar:/usr/local/netbeans-6.9.1/nb/core/locale/org-netbeans-upgrader_zh_TW.jar:/usr/local/netbeans-6.9.1/nb/core/locale/core_nb_sv.jar:/usr/local/netbeans-6.9.1/nb/core/locale/org-netbeans-upgrader_fr.jar" />
    <property name="libs.cdc-agui-swing-layout.maven-pom" value="" />
    <property name="libs.cdc-pp-awt-layout.src" value="/usr/local/netbeans-6.9.1/mobility/sources/cdc-pp-awt-layout-src.zip" />
    <property name="java.vm.specification.version" value="1.0" />
    <property name="libs.jakarta_slide_ant_webdav.src" value="" />
    <property name="libs.javaee-api-6.0.classpath" value="/usr/local/netbeans-6.9.1/enterprise/modules/ext/javaee-api-6.0.jar" />
    <property name="libs.sjmc-ant-utils.maven-pom" value="" />
    <property name="libs.groovy-all.maven-pom" value="" />
    <property name="libs.JMUnit4CLDC10.maven-pom" value="" />
    <property name="libs.hibernate-persistence.classpath" value="/usr/local/netbeans-6.9.1/java/modules/ext/hibernate/antlr-2.7.6.jar:/usr/local/netbeans-6.9.1/java/modules/ext/hibernate/asm.jar:/usr/local/netbeans-6.9.1/java/modules/ext/hibernate/asm-attrs.jar:/usr/local/netbeans-6.9.1/java/modules/ext/hibernate/cglib-2.1.3.jar:/usr/local/netbeans-6.9.1/java/modules/ext/hibernate/commons-collections-2.1.1.jar:/usr/local/netbeans-6.9.1/ide/modules/ext/commons-logging-1.1.jar:/usr/local/netbeans-6.9.1/java/modules/ext/hibernate/dom4j-1.6.1.jar:/usr/local/netbeans-6.9.1/java/modules/ext/hibernate/ehcache-1.2.3.jar:/usr/local/netbeans-6.9.1/java/modules/ext/hibernate/jdbc2_0-stdext.jar:/usr/local/netbeans-6.9.1/java/modules/ext/hibernate/jta.jar:/usr/local/netbeans-6.9.1/java/modules/ext/hibernate/hibernate3.jar:/usr/local/netbeans-6.9.1/java/modules/ext/hibernate/hibernate-tools.jar:/usr/local/netbeans-6.9.1/java/modules/ext/hibernate/hibernate-annotations.jar:/usr/local/netbeans-6.9.1/java/modules/ext/hibernate/hibernate-commons-annotations.jar:/usr/local/netbeans-6.9.1/java/modules/ext/hibernate/hibernate-entitymanager.jar:/usr/local/netbeans-6.9.1/java/modules/ext/hibernate/javassist.jar:/usr/local/netbeans-6.9.1/java/modules/ext/hibernate/ejb3-persistence.jar" />
    <property name="libs.jaxws21.src" value="" />
    <property name="application.title" value="Pr치cticaUnidad3" />
    <property name="do.archive" value="true" />
    <property name="platforms.Sun_Java_TM__Wireless_Toolkit_2_5_2_for_CLDC.preverifycommandline" value="" />
    <property name="libs.swing-app-framework.classpath" value="/usr/local/netbeans-6.9.1/java/modules/ext/appframework-1.0.3.jar:/usr/local/netbeans-6.9.1/java/modules/ext/swing-worker-1.1.jar" />
    <property name="ant.file.type.Pr치cticaUnidad3" value="file" />
    <property name="netbeans.autoupdate.language" value="es" />
    <property name="libs.jakarta_slide_ant_webdav.classpath" value="/usr/local/netbeans-6.9.1/mobility/modules/ext/commons-httpclient-3.0.1.jar:/usr/local/netbeans-6.9.1/ide/modules/ext/commons-logging-1.1.jar:/usr/local/netbeans-6.9.1/java/modules/ext/jdom-1.0.jar:/usr/local/netbeans-6.9.1/mobility/modules/ext/jakarta-slide-webdavlib-2.1.jar:/usr/local/netbeans-6.9.1/mobility/modules/ext/jakarta-slide-ant-webdav-2.1.jar" />
    <property name="java.vendor" value="Sun Microsystems Inc." />
    <property name="libs.JMUnit4CLDC10.src" value="" />
    <property name="libs.javaee-api-6.0.javadoc" value="/usr/local/netbeans-6.9.1/enterprise/docs/javaee6-doc-api.zip" />
    <property name="javac.debug" value="true" />
    <property name="javadoc.splitindex" value="true" />
    <property name="file.separator" value="/" />
    <property name="libs.IdentityAntTasks.src" value="" />
    <property name="libs.restlib_gfv3ee6.classpath" value="/usr/local/glassfish-3.0.1/glassfish/modules/asm-all-repackaged.jar:/usr/local/glassfish-3.0.1/glassfish/modules/jackson-core-asl.jar:/usr/local/glassfish-3.0.1/glassfish/modules/jersey-gf-bundle.jar:/usr/local/glassfish-3.0.1/glassfish/modules/jersey-multipart.jar:/usr/local/glassfish-3.0.1/glassfish/modules/jettison.jar:/usr/local/glassfish-3.0.1/glassfish/modules/jsr311-api.jar" />
    <property name="libs.ActiveSync.classpath" value="/usr/local/netbeans-6.9.1/mobility/modules/ext/nbactivesync-5.0.jar" />
    <property name="platforms.Sun_Java_TM__Wireless_Toolkit_2_5_2_for_CLDC.home" value="/usr/local/netbeans-6.9.1/mobility/WTK2.5.2" />
    <property name="libs.junit_4.maven-pom" value="" />
    <property name="javac.test.processorpath" value=":build/classes:/usr/local/netbeans-6.9.1/java/modules/ext/junit-3.8.2.jar" />
    <property name="netbeans.buildnumber" value="201011082200" />
    <property name="libs.JWSAntTasks.javadoc" value="" />
    <property name="build.generated.sources.dir" value="build/generated-sources" />
    <property name="libs.Java-EE-GlassFish-v3.wscompile" value="" />
    <property name="sun.java.launcher" value="SUN_STANDARD" />
    <property name="libs.junit.classpath" value="/usr/local/netbeans-6.9.1/java/modules/ext/junit-3.8.2.jar" />
    <property name="libs.jaxb.javadoc" value="/usr/local/netbeans-6.9.1/ide/docs/jaxb-api-doc.zip" />
    <property name="libs.struts.classpath" value="/usr/local/netbeans-6.9.1/enterprise/modules/ext/struts/antlr-2.7.2.jar:/usr/local/netbeans-6.9.1/enterprise/modules/ext/struts/bsf-2.3.0.jar:/usr/local/netbeans-6.9.1/enterprise/modules/ext/struts/commons-beanutils-1.7.0.jar:/usr/local/netbeans-6.9.1/enterprise/modules/ext/struts/commons-chain-1.1.jar:/usr/local/netbeans-6.9.1/enterprise/modules/ext/struts/commons-digester-1.8.jar:/usr/local/netbeans-6.9.1/enterprise/modules/ext/struts/commons-fileupload-1.1.1.jar:/usr/local/netbeans-6.9.1/enterprise/modules/ext/struts/commons-io-1.1.jar:/usr/local/netbeans-6.9.1/enterprise/modules/ext/struts/commons-logging-1.0.4.jar:/usr/local/netbeans-6.9.1/enterprise/modules/ext/struts/commons-validator-1.3.1.jar:/usr/local/netbeans-6.9.1/enterprise/modules/ext/struts/jstl-1.0.2.jar:/usr/local/netbeans-6.9.1/enterprise/modules/ext/struts/oro-2.0.8.jar:/usr/local/netbeans-6.9.1/enterprise/modules/ext/struts/standard-1.0.2.jar:/usr/local/netbeans-6.9.1/enterprise/modules/ext/struts/struts-core-1.3.8.jar:/usr/local/netbeans-6.9.1/enterprise/modules/ext/struts/struts-el-1.3.8.jar:/usr/local/netbeans-6.9.1/enterprise/modules/ext/struts/struts-extras-1.3.8.jar:/usr/local/netbeans-6.9.1/enterprise/modules/ext/struts/struts-faces-1.3.8.jar:/usr/local/netbeans-6.9.1/enterprise/modules/ext/struts/struts-mailreader-dao-1.3.8.jar:/usr/local/netbeans-6.9.1/enterprise/modules/ext/struts/struts-scripting-1.3.8.jar:/usr/local/netbeans-6.9.1/enterprise/modules/ext/struts/struts-taglib-1.3.8.jar:/usr/local/netbeans-6.9.1/enterprise/modules/ext/struts/struts-tiles-1.3.8.jar" />
    <property name="ant.home" value="/usr/local/netbeans-6.9.1/java/ant" />
    <property name="libs.junit_4.src" value="/usr/local/netbeans-6.9.1/java/docs/junit-4.5-src.jar" />
    <property name="libs.ricoh-ant-utils.maven-pom" value="" />
    <property name="do.archive+manifest.available+main.class+mkdist.available" value="true" />
    <property name="libs.absolutelayout.maven-pom" value="" />
    <property name="ant.java.version" value="1.6" />
    <property name="java.library.path" value="/home/paco/jdk1.6.0_22/jre/lib/amd64/server:/home/paco/jdk1.6.0_22/jre/lib/amd64:/home/paco/jdk1.6.0_22/jre/../lib/amd64:/usr/java/packages/lib/amd64:/usr/lib64:/lib64:/lib:/usr/lib" />
    <property name="javadoc.author" value="false" />
    <property name="libs.metro.maven-pom" value="" />
    <property name="libs.IdentityAntTasks.classpath" value="/usr/local/netbeans-6.9.1/identity/ant/nblib/org-netbeans-modules-identity-ant.jar:/usr/local/netbeans-6.9.1/identity/modules/org-netbeans-modules-identity-profile-api.jar" />
    <property name="libs.EclipseLink-GlassFish-v3.src" value="" />
    <property name="java.util.logging.config.class" value="org.netbeans.core.startup.TopLogging" />
    <property name="libs.PostgreSQLDriver.src" value="" />
    <property name="sun.arch.data.model" value="64" />
    <property name="basedir" value="/home/paco/NetBeansProjects/Pr치cticaUnidad3" />
    <property name="libs.ActiveSync.src" value="" />
    <property name="jar.compress" value="false" />
    <property name="libs.NetBeans MIDP Components PDA.src" value="/usr/local/netbeans-6.9.1/mobility/sources/netbeans_midp_components_pda-src.zip" />
    <property name="libs.jstl11.classpath" value="/usr/local/netbeans-6.9.1/enterprise/modules/ext/standard.jar:/usr/local/netbeans-6.9.1/enterprise/modules/ext/jstl.jar" />
    <property name="path.separator" value=":" />
    <property name="libs.javaee-web-api-6.0.javadoc" value="/usr/local/netbeans-6.9.1/enterprise/docs/javaee6-doc-api.zip" />
    <property name="sun.io.unicode.encoding" value="UnicodeLittle" />
    <property name="libs.semc-ant-utils.javadoc" value="" />
    <property name="libs.jaxws21.classpath" value="/usr/local/netbeans-6.9.1/ide/modules/ext/jaxb/jaxb-impl.jar:/usr/local/netbeans-6.9.1/ide/modules/ext/jaxb/jaxb-xjc.jar:/usr/local/netbeans-6.9.1/java/modules/ext/jaxws22/FastInfoset.jar:/usr/local/netbeans-6.9.1/java/modules/ext/jaxws22/gmbal-api-only.jar:/usr/local/netbeans-6.9.1/java/modules/ext/jaxws22/http.jar:/usr/local/netbeans-6.9.1/java/modules/ext/jaxws22/jaxws-rt.jar:/usr/local/netbeans-6.9.1/java/modules/ext/jaxws22/jaxws-tools.jar:/usr/local/netbeans-6.9.1/java/modules/ext/jaxws22/management-api.jar:/usr/local/netbeans-6.9.1/java/modules/ext/jaxws22/mimepull.jar:/usr/local/netbeans-6.9.1/java/modules/ext/jaxws22/policy.jar:/usr/local/netbeans-6.9.1/java/modules/ext/jaxws22/saaj-impl.jar:/usr/local/netbeans-6.9.1/java/modules/ext/jaxws22/stax-ex.jar:/usr/local/netbeans-6.9.1/java/modules/ext/jaxws22/streambuffer.jar:/usr/local/netbeans-6.9.1/java/modules/ext/jaxws22/woodstox.jar:/usr/local/netbeans-6.9.1/java/modules/ext/jaxws22/api/jaxws-api.jar:/usr/local/netbeans-6.9.1/java/modules/ext/jaxws22/api/jsr181-api.jar:/usr/local/netbeans-6.9.1/java/modules/ext/jaxws22/api/jsr250-api.jar:/usr/local/netbeans-6.9.1/java/modules/ext/jaxws22/api/saaj-api.jar:/usr/local/netbeans-6.9.1/ide/modules/ext/jaxb/activation.jar:/usr/local/netbeans-6.9.1/ide/modules/ext/jaxb/api/jaxb-api.jar:/usr/local/netbeans-6.9.1/ide/modules/ext/jaxb/api/jsr173_api.jar" />
    <property name="libs.struts.src" value="" />
    <property name="compile.on.save" value="true" />
    <property name="apple.awt.graphics.UseQuartz" value="true" />
    <property name="user.language" value="es" />
    <property name="libs.spring-framework.classpath" value="/usr/local/netbeans-6.9.1/ide/modules/ext/commons-logging-1.1.jar:/usr/local/netbeans-6.9.1/java/modules/ext/cglib-2.2.jar:/usr/local/netbeans-6.9.1/java/modules/ext/spring/spring-2.5.6.SEC01.jar" />
    <property name="libs.eclipselink.maven-pom" value="" />
    <property name="application.vendor" value="paco" />
    <property name="manifest.available" value="true" />
    <property name="libs.spring-framework300.maven-pom" value="" />
    <property name="run.test.classpath" value=":build/classes:/usr/local/netbeans-6.9.1/java/modules/ext/junit-3.8.2.jar:build/test/classes" />
    <property name="ant.project.invoked-targets" value="test" />
    <property name="useJavaUtilZip" value="true" />
    <property name="libs.swing-layout.javadoc" value="/usr/local/netbeans-6.9.1/platform/docs/swing-layout-1.0.4-doc.zip" />
    <property name="libs.swing-app-framework.javadoc" value="/usr/local/netbeans-6.9.1/java/docs/appframework-1.0.3-doc.zip" />
    <property name="libs.ejb3-persistence.maven-pom" value="" />
    <property name="libs.proguard.classpath" value="/usr/local/netbeans-6.9.1/mobility/external/proguard/proguard4.4.jar" />
    <property name="libs.DataBindingME-SVG.classpath" value="/usr/local/netbeans-6.9.1/mobility/modules/ext/netbeans_databindingme_svg.jar" />
    <property name="https.nonProxyHosts" value="localhost|127.0.0.1|Paco-Ubuntu" />
    <property name="libs.PostgreSQLDriver.maven-pom" value="" />
    <property name="java.class.version" value="50.0" />
    <property name="libs.javaee-endorsed-api-6.0.src" value="" />
    <property name="libs.cdc-ant-utils.classpath" value="/usr/local/netbeans-6.9.1/mobility/modules/ext/org-netbeans-modules-j2me-cdc-project.jar" />
    <property name="netbeans.system_http_proxy" value="DIRECT" />
    <property name="libs.eclipselink.javadoc" value="/usr/local/netbeans-6.9.1/enterprise/docs/javaee6-doc-api.zip" />
    <property name="libs.NetBeans MIDP Components WMA.maven-pom" value="" />
    <property name="libs.jsp-compilation.maven-pom" value="" />
    <property name="user.properties.file" value="/home/paco/.netbeans/6.9/build.properties" />
    <property name="platforms.Sun_Java_TM__Wireless_Toolkit_2_5_2_for_CLDC.runcommandline" value="" />
    <property name="platforms.default_fx_platform.bootclasspath" value="/usr/local/netbeans-6.9.1/javafx/javafx-sdk/lib/shared/javafxc.jar:/usr/local/netbeans-6.9.1/javafx/javafx-sdk/lib/shared/javafxrt.jar:/usr/local/netbeans-6.9.1/javafx/javafx-sdk/lib/desktop/rt15.jar:/usr/local/netbeans-6.9.1/javafx/javafx-sdk/lib/desktop/javafx-geom.jar:/usr/local/netbeans-6.9.1/javafx/javafx-sdk/lib/desktop/javafx-ui-common.jar:/usr/local/netbeans-6.9.1/javafx/javafx-sdk/lib/desktop/javafx-ui-desktop.jar:/usr/local/netbeans-6.9.1/javafx/javafx-sdk/lib/desktop/javafx-ui-swing.jar:/usr/local/netbeans-6.9.1/javafx/javafx-sdk/lib/desktop/javafx-ext-swing.jar:/usr/local/netbeans-6.9.1/javafx/javafx-sdk/lib/desktop/fxdloader.jar:/usr/local/netbeans-6.9.1/javafx/javafx-sdk/lib/desktop/websvc.jar:/usr/local/netbeans-6.9.1/javafx/javafx-sdk/lib/desktop/javafx-ui-controls.jar:/usr/local/netbeans-6.9.1/javafx/javafx-sdk/lib/desktop/javafx-ui-charts.jar:/usr/local/netbeans-6.9.1/javafx/javafx-sdk/lib/desktop/javafx-common.jar:/usr/local/netbeans-6.9.1/javafx/javafx-sdk/lib/desktop/javafx-io.jar:/usr/local/netbeans-6.9.1/javafx/javafx-sdk/lib/desktop/eula.jar:/usr/local/netbeans-6.9.1/javafx/javafx-sdk/lib/desktop/javafx-anim.jar:/usr/local/netbeans-6.9.1/javafx/javafx-sdk/lib/desktop/decora-runtime.jar:/usr/local/netbeans-6.9.1/javafx/javafx-sdk/lib/desktop/decora-j2d.jar:/usr/local/netbeans-6.9.1/javafx/javafx-sdk/lib/desktop/decora-jsw.jar:/usr/local/netbeans-6.9.1/javafx/javafx-sdk/lib/desktop/decora-sse.jar:/usr/local/netbeans-6.9.1/javafx/javafx-sdk/lib/desktop/decora-d3d.jar:/usr/local/netbeans-6.9.1/javafx/javafx-sdk/lib/desktop/decora-j2d-rsl.jar:/usr/local/netbeans-6.9.1/javafx/javafx-sdk/lib/desktop/decora-ogl.jar:/usr/local/netbeans-6.9.1/javafx/javafx-sdk/lib/desktop/decora-j2d-jogl.jar:/usr/local/netbeans-6.9.1/javafx/javafx-sdk/lib/desktop/javafx-sg-common.jar:/usr/local/netbeans-6.9.1/javafx/javafx-sdk/lib/desktop/javafx-sg-swing.jar:/usr/local/netbeans-6.9.1/javafx/javafx-sdk/lib/desktop/jogl-common.jar:/usr/local/netbeans-6.9.1/javafx/javafx-sdk/lib/desktop/jogl-awt.jar:/usr/local/netbeans-6.9.1/javafx/javafx-sdk/lib/desktop/jmc.jar:/usr/local/netbeans-6.9.1/javafx/javafx-sdk/lib/desktop/script-api.jar:/usr/local/netbeans-6.9.1/javafx/javafx-sdk/lib/mobile/javafxapi-cldc.jar" />
    <property name="runtime.encoding" value="UTF-8" />
    <property name="libs.spring-framework.src" value="" />
    <property name="libs.javac-api.maven-pom" value="" />
    <property name="file.encoding.pkg" value="sun.io" />
    <property name="sun.cpu.endian" value="little" />
    <property name="libs.JWSAntTasks.classpath" value="/usr/local/netbeans-6.9.1/java/ant/extra/org-netbeans-modules-javawebstart-anttasks.jar" />
    <property name="libs.spring-framework300.src" value="" />
    <property name="libs.ant-contrib.classpath" value="/usr/local/netbeans-6.9.1/mobility/modules/ext/ant-contrib-1.0b3.jar" />
    <property name="empty.dir" value="/home/paco/NetBeansProjects/Pr치cticaUnidad3/build/empty" />
    <property name="platforms.default_fx_platform.compiler" value="modern" />
    <property name="version-output" value="java version &quot;1.6" />
    <property name="javadoc.preview" value="true" />
    <property name="java.home" value="/home/paco/jdk1.6.0_22/jre" />
    <property name="libs.ojec-ant-utils.javadoc" value="" />
    <property name="libs.jsp-compilation.src" value="" />
    <property name="libs.ricoh-ant-utils.src" value="" />
    <property name="libs.spring-webmvc.src" value="" />
    <property name="libs.ant-contrib.javadoc" value="" />
    <property name="debug.test.classpath" value=":build/classes:/usr/local/netbeans-6.9.1/java/modules/ext/junit-3.8.2.jar:build/test/classes" />
    <property name="libs.javaee-endorsed-api-6.0.classpath" value="/usr/local/netbeans-6.9.1/enterprise/modules/ext/javaee6-endorsed/javax.annotation.jar:/usr/local/netbeans-6.9.1/enterprise/modules/ext/javaee6-endorsed/jaxb-api-osgi.jar:/usr/local/netbeans-6.9.1/enterprise/modules/ext/javaee6-endorsed/webservices-api-osgi.jar" />
    <property name="libs.javaee-api-6.0.src" value="" />
    <property name="netbeans.importclass" value="org.netbeans.upgrade.AutoUpgrade" />
    <property name="ant.project.default-target" value="default" />
    <property name="annotation.processing.run.all.processors" value="true" />
    <property name="ant.file.type.Pr치cticaUnidad3-impl" value="file" />
    <property name="libs.savaje-ant-utils.classpath" value="/usr/local/netbeans-6.9.1/mobility/modules/ext/org-netbeans-modules-j2me-cdc-project-savaje.jar" />
    <property name="libs.toplink.maven-pom" value="" />
    <property name="libs.DataBindingME.maven-pom" value="" />
    <property name="libs.PostgreSQLDriver.javadoc" value="" />
    <property name="libs.restlib.classpath" value="/usr/local/netbeans-6.9.1/enterprise/modules/ext/rest/asm-3.1.jar:/usr/local/netbeans-6.9.1/enterprise/modules/ext/rest/jackson-core-asl-1.1.1.jar:/usr/local/netbeans-6.9.1/enterprise/modules/ext/rest/jersey-client-1.1.5.1.jar:/usr/local/netbeans-6.9.1/enterprise/modules/ext/rest/jersey-core-1.1.5.1.jar:/usr/local/netbeans-6.9.1/enterprise/modules/ext/rest/jersey-json-1.1.5.1.jar:/usr/local/netbeans-6.9.1/enterprise/modules/ext/rest/jersey-server-1.1.5.1.jar:/usr/local/netbeans-6.9.1/enterprise/modules/ext/rest/jersey-spring-1.1.5.1.jar:/usr/local/netbeans-6.9.1/enterprise/modules/ext/rest/jettison-1.1.jar:/usr/local/netbeans-6.9.1/enterprise/modules/ext/rest/oauth-client-1.1.5.1.jar:/usr/local/netbeans-6.9.1/enterprise/modules/ext/rest/oauth-signature-1.1.5.1.jar:/usr/local/netbeans-6.9.1/ide/modules/ext/jaxb/activation.jar:/usr/local/netbeans-6.9.1/ide/modules/ext/jaxb/api/jaxb-api.jar:/usr/local/netbeans-6.9.1/ide/modules/ext/jaxb/api/jsr173_api.jar" />
    <property name="libs.JMUnit4CLDC11.javadoc" value="/usr/local/netbeans-6.9.1/mobility/modules/docs/jmunit-1.2.1-api.zip" />
    <property name="libs.nsicom-ant-utils.maven-pom" value="" />
    <property name="libs.MySQLDriver.maven-pom" value="" />
    <property name="libs.savaje-ant-utils.src" value="" />
    <property name="http.nonProxyHosts" value="localhost|127.0.0.1|Paco-Ubuntu" />
    <property name="libs.junit_4.javadoc" value="/usr/local/netbeans-6.9.1/java/docs/junit-4.5-api.zip" />
    <property name="libs.spring-webmvc.javadoc" value="" />
    <property name="libs.toplink.src" value="" />
    <property name="libs.EclipseLink-GlassFish-v3.maven-pom" value="" />
    <property name="libs.javaee-web-api-6.0.maven-pom" value="" />
    <property name="libs.cdc-pp-awt-layout.classpath" value="/usr/local/netbeans-6.9.1/mobility/modules/ext/cdc-pp-awt-layout.jar" />
    <property name="libs.cdc-agui-swing-layout.src" value="/usr/local/netbeans-6.9.1/mobility/sources/cdc-agui-swing-layout-src.zip" />
    <property name="run.classpath" value=":build/classes" />
    <property name="libs.hibernate-support.src" value="" />
    <property name="libs.javaee-endorsed-api-6.0.javadoc" value="/usr/local/netbeans-6.9.1/enterprise/docs/javaee6-doc-api.zip" />
    <property name="libs.JMUnit4CLDC11.classpath" value="/usr/local/netbeans-6.9.1/mobility/modules/ext/jmunit4cldc11-1.2.1.jar" />
    <property name="libs.nb_svg_midp_components.classpath" value="/usr/local/netbeans-6.9.1/mobility/modules/ext/nb_svg_midp_components.jar" />
    <property name="libs.spring-webmvc3.0.javadoc" value="" />
    <property name="annotation.processing.enabled.in.editor" value="false" />
    <property name="libs.NetBeans MIDP Components PDA.classpath" value="/usr/local/netbeans-6.9.1/mobility/modules/ext/netbeans_midp_components_pda.jar" />
    <property name="libs.semc-ant-utils.maven-pom" value="" />
    <property name="libs.nokiadeployment.maven-pom" value="" />
    <property name="libs.restapi.src" value="" />
    <property name="libs.NetBeans MIDP Components.javadoc" value="/usr/local/netbeans-6.9.1/mobility/modules/docs/netbeans_midp_components_basic-api.zip" />
    <property name="sun.management.compiler" value="HotSpot 64-Bit Server Compiler" />
    <property name="javac.deprecation" value="false" />
    <property name="javadoc.use" value="true" />
    <property name="jna.boot.library.path" value="/home/paco/.netbeans/6.9/var/cache/jna" />
    <property name="sun.java2d.noddraw" value="true" />
    <property name="libs.jsp-compiler.classpath" value="/home/paco/.netbeans/6.9/ant/extra/jspcompile.jar" />
    <property name="javac.processorpath" value="" />
    <property name="platforms.Sun_Java_TM__Wireless_Toolkit_2_5_2_for_CLDC.type" value="UEI-1.0.1" />
    <property name="libs.spring-webmvc.classpath" value="/usr/local/netbeans-6.9.1/enterprise/modules/ext/spring/spring-webmvc-2.5.6.SEC01.jar" />
    <property name="javac.compilerargs" value="" />
    <property name="ant.file" value="/home/paco/NetBeansProjects/Pr치cticaUnidad3/build.xml" />
    <property name="libs.beans-binding.maven-pom" value="" />
    <property name="libs.jsf12.classpath" value="/usr/local/netbeans-6.9.1/enterprise/modules/ext/jsf-1_2/commons-beanutils.jar:/usr/local/netbeans-6.9.1/enterprise/modules/ext/jsf-1_2/commons-collections.jar:/usr/local/netbeans-6.9.1/enterprise/modules/ext/jsf-1_2/commons-digester.jar:/usr/local/netbeans-6.9.1/enterprise/modules/ext/jsf-1_2/commons-logging.jar:/usr/local/netbeans-6.9.1/enterprise/modules/ext/jsf-1_2/jsf-api.jar:/usr/local/netbeans-6.9.1/enterprise/modules/ext/jsf-1_2/jsf-impl.jar" />
    <property name="sun.awt.exception.handler" value="org.netbeans.core.startup.TopLogging$AWTHandler" />
    <property name="libs.restapi.maven-pom" value="" />
    <property name="libs.beans-binding.src" value="" />
    <property name="libs.NetBeans MIDP Components PDA.javadoc" value="/usr/local/netbeans-6.9.1/mobility/modules/docs/netbeans_midp_components_pda-api.zip" />
    <property name="java.vm.specification.vendor" value="Sun Microsystems Inc." />
    <property name="libs.DataBindingME-PIM.javadoc" value="/usr/local/netbeans-6.9.1/mobility/modules/docs/netbeans_databindingme_pim-api.zip" />
    <property name="libs.swing-layout.src" value="/usr/local/netbeans-6.9.1/platform/docs/swing-layout-1.0.4-src.zip" />
    <property name="libs.Java-EE-GlassFish-v3.embedabbleejb" value="" />
    <property name="libs.j2me_ant_ext.src" value="" />
    <property name="org.openide.major.version" value="IDE/1" />
    <property name="java.vm.name" value="Java HotSpot(TM) 64-Bit Server VM" />
    <property name="netbeans.user" value="/home/paco/.netbeans/6.9" />
    <property name="javadoc.additionalparam" value="" />
    <property name="libs.ricoh-ant-utils.classpath" value="/usr/local/netbeans-6.9.1/mobility/modules/ext/org-netbeans-modules-j2me-cdc-project-ricoh.jar:/usr/local/netbeans-6.9.1/mobility/modules/ext/RicohAntTasks-2.0.jar:/usr/local/netbeans-6.9.1/mobility/modules/ext/commons-httpclient-3.0.jar:/usr/local/netbeans-6.9.1/ide/modules/ext/commons-logging-1.1.jar:/usr/local/netbeans-6.9.1/mobility/modules/ext/commons-codec-1.3.jar" />
    <property name="java.io.tmpdir" value="/tmp" />
    <property name="java.vendor.url" value="http://java.sun.com/" />
    <property name="endorsed.classpath.cmd.line.arg" value="" />
    <property name="libs.jsp-compiler.src" value="" />
    <property name="sun.boot.library.path" value="/home/paco/jdk1.6.0_22/jre/lib/amd64" />
    <property name="have.sources" value="true" />
    <property name="debug.classpath" value=":build/classes" />
    <property name="javadoc.private" value="false" />
    <property name="test.src.dir" value="test" />
    <property name="libs.jsf20.classpath" value="/usr/local/netbeans-6.9.1/enterprise/modules/ext/jsf-2_0/jsf-api.jar:/usr/local/netbeans-6.9.1/enterprise/modules/ext/jsf-2_0/jsf-impl.jar" />
    <property name="meta.inf.dir" value="src/META-INF" />
    <property name="javadoc.encoding.used" value="UTF-8" />
    <property name="libs.DataBindingME-SVG.src" value="" />
    <property name="dist.jar" value="dist/Pr치cticaUnidad3.jar" />
    <property name="java.runtime.name" value="Java(TM) SE Runtime Environment" />
    <property name="ant.project.name" value="Pr치cticaUnidad3" />
    <property name="netbeans.hash.code" value="unique=NB_CND_FX_GFMOD_GROOVY_JAVA_MOB_PHP_RUBY_WEBEE040ee33df-73c6-4c56-9b2b-ccd96cd25eda_33883de4-6e3e-448e-af8c-9f3ae15c2dec" />
    <property name="sun.cpu.isalist" value="" />
    <property name="libs.j2me_ant_ext.maven-pom" value="" />
    <property name="libs.CopyLibs.javadoc" value="" />
    <property name="libs.ActiveSync.javadoc" value="" />
    <property name="org.openide.specification.version" value="6.2" />
    <property name="libs.hibernate-support.classpath" value="/usr/local/netbeans-6.9.1/java/modules/ext/hibernate/antlr-2.7.6.jar:/usr/local/netbeans-6.9.1/java/modules/ext/hibernate/asm.jar:/usr/local/netbeans-6.9.1/java/modules/ext/hibernate/asm-attrs.jar:/usr/local/netbeans-6.9.1/java/modules/ext/hibernate/cglib-2.1.3.jar:/usr/local/netbeans-6.9.1/java/modules/ext/hibernate/commons-collections-2.1.1.jar:/usr/local/netbeans-6.9.1/ide/modules/ext/commons-logging-1.1.jar:/usr/local/netbeans-6.9.1/java/modules/ext/hibernate/dom4j-1.6.1.jar:/usr/local/netbeans-6.9.1/java/modules/ext/hibernate/ehcache-1.2.3.jar:/usr/local/netbeans-6.9.1/java/modules/ext/hibernate/jdbc2_0-stdext.jar:/usr/local/netbeans-6.9.1/java/modules/ext/hibernate/jta.jar:/usr/local/netbeans-6.9.1/java/modules/ext/hibernate/hibernate3.jar:/usr/local/netbeans-6.9.1/java/modules/ext/hibernate/hibernate-tools.jar:/usr/local/netbeans-6.9.1/java/modules/ext/hibernate/hibernate-annotations.jar:/usr/local/netbeans-6.9.1/java/modules/ext/hibernate/hibernate-commons-annotations.jar:/usr/local/netbeans-6.9.1/java/modules/ext/hibernate/hibernate-entitymanager.jar:/usr/local/netbeans-6.9.1/java/modules/ext/hibernate/javassist.jar" />
    <property name="libs.DataBindingME-PIM.classpath" value="/usr/local/netbeans-6.9.1/mobility/modules/ext/netbeans_databindingme_pim.jar" />
    <property name="user.home" value="/home/paco" />
    <property name="annotation.processing.processors.list" value="" />
    <property name="debug-args-line" value="-Xdebug" />
    <property name="libs.NetBeans MIDP Components.classpath" value="/usr/local/netbeans-6.9.1/mobility/modules/ext/netbeans_midp_components_basic.jar" />
    <property name="libs.javaee-api-6.0.maven-pom" value="" />
    <property name="libs.JWSAntTasks.src" value="" />
    <property name="jar.index" value="false" />
    <property name="libs.CopyLibs.maven-pom" value="" />
    <property name="libs.absolutelayout.javadoc" value="" />
    <property name="libs.hibernate-persistence.maven-pom" value="" />
    <property name="libs.spring-framework300.javadoc" value="" />
    <property name="java.specification.name" value="Java Platform API Specification" />
    <property name="libs.swing-app-framework.maven-pom" value="" />
    <property name="libs.NetBeans MIDP Components WMA.classpath" value="/usr/local/netbeans-6.9.1/mobility/modules/ext/netbeans_midp_components_wma.jar" />
    <property name="libs.jakarta_slide_ant_webdav.maven-pom" value="" />
    <property name="libs.sjmc-ant-utils.src" value="" />
    <property name="libs.cdc-agui-swing-layout.javadoc" value="" />
    <property name="java.specification.vendor" value="Sun Microsystems Inc." />
    <property name="libs.javac-api.classpath" value="/usr/local/netbeans-6.9.1/java/modules/ext/javac-api-nb-7.0-b07.jar" />
    <property name="java.version" value="1.6.0_22" />
    <property name="platforms.default_fx_platform.home" value="/home/paco/jdk1.6.0_22/jre" />
    <property name="libs.nokiaS80-ant-utils.classpath" value="/usr/local/netbeans-6.9.1/mobility/modules/ext/org-netbeans-modules-j2me-cdc-project-nokiaS80.jar" />
    <property name="javadoc.version" value="false" />
    <property name="libs.NetBeans MIDP Components WMA.javadoc" value="/usr/local/netbeans-6.9.1/mobility/modules/docs/netbeans_midp_components_wma-api.zip" />
    <property name="libs.MySQLDriver.javadoc" value="" />
    <property name="org.openide.version" value="deprecated" />
    <property name="libs.restlib_gfv3ee6.maven-pom" value="" />
    <property name="source.encoding" value="UTF-8" />
    <property name="libs.ActiveSync.maven-pom" value="" />
    <property name="ap.cmd.line.internal" value="" />
    <property name="libs.junit.maven-pom" value="" />
    <property name="libs.metro.javadoc" value="/usr/local/netbeans-6.9.1/enterprise/docs/metro-1.4-doc.zip" />
    <property name="libs.struts.maven-pom" value="" />
    <property name="netbeans.home+have.tests" value="true" />
    <property name="annotation.processing.processor.options" value="" />
    <property name="libs.jaxb.src" value="" />
    <property name="libs.IdentityAntTasks.maven-pom" value="" />
    <property name="libs.Java-EE-GlassFish-v3.wsgenerate" value="" />
    <property name="libs.cdc-ant-utils.src" value="" />
    <property name="work.dir" value="/home/paco/NetBeansProjects/Pr치cticaUnidad3" />
    <property name="libs.jaxb.classpath" value="/usr/local/netbeans-6.9.1/ide/modules/ext/jaxb/jaxb-impl.jar:/usr/local/netbeans-6.9.1/ide/modules/ext/jaxb/jaxb-xjc.jar:/usr/local/netbeans-6.9.1/ide/modules/ext/jaxb/jaxb1-impl.jar:/usr/local/netbeans-6.9.1/ide/modules/ext/jaxb/activation.jar:/usr/local/netbeans-6.9.1/ide/modules/ext/jaxb/api/jaxb-api.jar:/usr/local/netbeans-6.9.1/ide/modules/ext/jaxb/api/jsr173_api.jar" />
    <property name="php.global.include.path" value="" />
    <property name="do.depend" value="false" />
    <property name="dist.javadoc.dir" value="dist/javadoc" />
    <property name="libs.spring-webmvc3.0.classpath" value="/usr/local/netbeans-6.9.1/java/modules/ext/spring-3.0/spring-webmvc-3.0.2.RELEASE.jar" />
    <property name="libs.swing-layout.classpath" value="/usr/local/netbeans-6.9.1/platform/modules/ext/swing-layout-1.0.4.jar" />
    <property name="libs.restlib.src" value="" />
    <property name="javac.source" value="1.5" />
    <property name="build.generated.dir" value="build/generated" />
    <property name="libs.hibernate-persistence.src" value="" />
    <property name="libs.proguard.src" value="" />
    <property name="line.separator" value="
" />
    <property name="libs.nb_svg_midp_components.javadoc" value="/usr/local/netbeans-6.9.1/mobility/modules/docs/nb_svg_midp_components-api.zip" />
    <property name="java.specification.version" value="1.6" />
    <property name="java.vm.info" value="mixed mode" />
    <property name="libs.jaxws21.maven-pom" value="" />
    <property name="libs.cdc-ant-utils.javadoc" value="" />
    <property name="libs.ojec-ant-utils.classpath" value="/home/paco/.netbeans/6.9/modules/ext/org-netbeans-modules-j2me-cdc-project-ojec.jar" />
    <property name="libs.spring-framework.maven-pom" value="" />
    <property name="sun.boot.class.path" value="/home/paco/jdk1.6.0_22/jre/lib/resources.jar:/home/paco/jdk1.6.0_22/jre/lib/rt.jar:/home/paco/jdk1.6.0_22/jre/lib/sunrsasign.jar:/home/paco/jdk1.6.0_22/jre/lib/jsse.jar:/home/paco/jdk1.6.0_22/jre/lib/jce.jar:/home/paco/jdk1.6.0_22/jre/lib/charsets.jar:/home/paco/jdk1.6.0_22/jre/classes" />
    <property name="javac.target" value="1.5" />
    <property name="built-jar.properties" value="/home/paco/NetBeansProjects/Pr치cticaUnidad3/build/built-jar.properties" />
    <property name="build.test.classes.dir" value="build/test/classes" />
    <property name="src.dir" value="src" />
    <property name="libs.IdentityAntTasks.javadoc" value="" />
    <property name="annotation.processing.enabled" value="true" />
    <property name="libs.jsf20.src" value="" />
    <property name="libs.proguard.maven-pom" value="" />
    <property name="libs.jsf12.src" value="" />
    <property name="libs.DataBindingME-SVG.maven-pom" value="" />
    <property name="libs.nokiadeployment.src" value="" />
    <property name="libs.savaje-ant-utils.javadoc" value="" />
    <property name="libs.struts.javadoc" value="/usr/local/netbeans-6.9.1/enterprise/docs/struts-1.3.8-javadoc.zip" />
    <property name="platforms.Sun_Java_TM__Wireless_Toolkit_2_5_2_for_CLDC.debugcommandline" value="" />
    <property name="libs.cdc-ant-utils.maven-pom" value="" />
    <property name="libs.Comet-GlassFish-v3.classpath" value="/usr/local/glassfish-3.0.1/glassfish/modules/grizzly-comet.jar" />
    <property name="libs.restlib_gfv3ee6.javadoc" value="/usr/local/netbeans-6.9.1/enterprise/docs/jsr311-api-1.1.1-javadoc.zip" />
    <property name="libs.cdc-agui-swing-layout.classpath" value="/usr/local/netbeans-6.9.1/mobility/modules/ext/cdc-agui-swing-layout.jar" />
    <property name="dist.dir" value="dist" />
    <property name="libs.groovy-all.javadoc" value="" />
    <property name="do.archive+manifest.available+main.class" value="true" />
    <property name="libs.groovy-all.classpath" value="/usr/local/netbeans-6.9.1/groovy/modules/ext/groovy-all.jar" />
    <property name="javac.fork" value="false" />
    <property name="libs.sjmc-ant-utils.classpath" value="/usr/local/netbeans-6.9.1/mobility/modules/ext/org-netbeans-modules-j2me-cdc-project-sjmc.jar" />
    <property name="libs.JMUnit4CLDC10.classpath" value="/usr/local/netbeans-6.9.1/mobility/modules/ext/jmunit4cldc10-1.2.1.jar" />
    <property name="java.awt.printerjob" value="sun.print.PSPrinterJob" />
    <property name="default.javac.source" value="1.6" />
    <property name="debug-transport-by-os" value="dt_socket" />
    <property name="ant.file.Pr치cticaUnidad3" value="/home/paco/NetBeansProjects/Pr치cticaUnidad3/build.xml" />
    <property name="platforms.default_fx_platform.fxhome" value="/usr/local/netbeans-6.9.1/javafx/javafx-sdk" />
    <property name="sun.jnu.encoding" value="UTF-8" />
    <property name="libs.MySQLDriver.src" value="" />
    <property name="libs.ant-contrib.maven-pom" value="" />
    <property name="libs.nokiadeployment.javadoc" value="" />
    <property name="build.test.results.dir" value="build/test/results" />
    <property name="java.runtime.version" value="1.6.0_22-b04" />
    <property name="libs.ejb3-persistence.javadoc" value="" />
    <property name="libs.NetBeans MIDP Components.src" value="/usr/local/netbeans-6.9.1/mobility/sources/netbeans_midp_components_basic-src.zip" />
    <property name="manifest.available+main.class+mkdist.available" value="true" />
    <property name="libs.sjmc-ant-utils.javadoc" value="" />
    <property name="default.javac.target" value="1.6" />
    <property name="libs.Java-EE-GlassFish-v3.src" value="" />
    <property name="libs.junit_4.classpath" value="/usr/local/netbeans-6.9.1/platform/modules/ext/junit-4.5.jar" />
    <property name="user.timezone" value="" />
    <property name="do.jar" value="true" />
    <property name="libs.javaee-endorsed-api-6.0.maven-pom" value="" />
    <property name="libs.ant-contrib.src" value="" />
    <property name="netbeans.dirs" value="/usr/local/netbeans-6.9.1/nb:/usr/local/netbeans-6.9.1/ergonomics:/usr/local/netbeans-6.9.1/ide:/usr/local/netbeans-6.9.1/java:/usr/local/netbeans-6.9.1/bin/../xml:/usr/local/netbeans-6.9.1/apisupport:/usr/local/netbeans-6.9.1/bin/../webcommon:/usr/local/netbeans-6.9.1/websvccommon:/usr/local/netbeans-6.9.1/enterprise:/usr/local/netbeans-6.9.1/mobility:/usr/local/netbeans-6.9.1/profiler:/usr/local/netbeans-6.9.1/ruby:/usr/local/netbeans-6.9.1/bin/../python:/usr/local/netbeans-6.9.1/php:/usr/local/netbeans-6.9.1/bin/../visualweb:/usr/local/netbeans-6.9.1/bin/../soa:/usr/local/netbeans-6.9.1/identity:/usr/local/netbeans-6.9.1/bin/../uml:/usr/local/netbeans-6.9.1/harness:/usr/local/netbeans-6.9.1/cnd:/usr/local/netbeans-6.9.1/dlight:/usr/local/netbeans-6.9.1/groovy:/usr/local/netbeans-6.9.1/bin/../extra:/usr/local/netbeans-6.9.1/javafx:/usr/local/netbeans-6.9.1/bin/../javacard:" />
    <property name="libs.jsf20.javadoc" value="/usr/local/netbeans-6.9.1/enterprise/docs/javaee6-doc-api.zip" />
    <property name="libs.restlib_gfv3ee6.src" value="" />
    <property name="java.ext.dirs" value="/home/paco/jdk1.6.0_22/jre/lib/ext:/usr/java/packages/lib/ext" />
    <property name="libs.metro.src" value="" />
    <property name="libs.savaje-ant-utils.maven-pom" value="" />
    <property name="endorsed.classpath" value="" />
    <property name="libs.semc-ant-utils.src" value="" />
    <property name="libs.absolutelayout.classpath" value="/usr/local/netbeans-6.9.1/java/modules/ext/AbsoluteLayout.jar" />
    <property name="excludes" value="" />
    <property name="libs.metro.classpath" value="/usr/local/netbeans-6.9.1/ide/modules/ext/jaxb/activation.jar:/usr/local/netbeans-6.9.1/enterprise/modules/ext/metro/webservices-api.jar:/usr/local/netbeans-6.9.1/enterprise/modules/ext/metro/webservices-extra-api.jar:/usr/local/netbeans-6.9.1/enterprise/modules/ext/metro/webservices-extra.jar:/usr/local/netbeans-6.9.1/enterprise/modules/ext/metro/webservices-rt.jar:/usr/local/netbeans-6.9.1/enterprise/modules/ext/metro/webservices-tools.jar" />
    <property name="libs.restlib.maven-pom" value="" />
    <property name="libs.DataBindingME.javadoc" value="/usr/local/netbeans-6.9.1/mobility/modules/docs/netbeans_databindingme-api.zip" />
    <property name="apple.laf.useScreenMenuBar" value="true" />
    <property name="java.class.path" value="/home/paco/NetBeansProjects/Pr치cticaUnidad3/build/classes:/usr/local/netbeans-6.9.1/java/modules/ext/junit-3.8.2.jar:/home/paco/NetBeansProjects/Pr치cticaUnidad3/build/test/classes:/usr/local/netbeans-6.9.1/java/ant/lib/ant-launcher.jar:/usr/local/netbeans-6.9.1/java/ant/lib/ant.jar:/usr/local/netbeans-6.9.1/java/ant/patches/72080.jar" />
    <property name="do.mkdist" value="true" />
    <property name="libs.absolutelayout.src" value="" />
    <property name="libs.cdc-pp-awt-layout.maven-pom" value="" />
    <property name="os.version" value="2.6.35-28-generic" />
    <property name="application.args" value="" />
    <property name="libs.EclipseLink-GlassFish-v3.javadoc" value="/usr/local/netbeans-6.9.1/enterprise/docs/javaee6-doc-api.zip" />
    <property name="libs.JMUnit4CLDC11.maven-pom" value="" />
    <property name="main.class.available" value="true" />
    <property name="libs.toplink.javadoc" value="/usr/local/netbeans-6.9.1/enterprise/docs/javaee6-doc-api.zip" />
    <property name="sun.desktop" value="gnome" />
    <property name="libs.nb_svg_midp_components.maven-pom" value="" />
    <property name="libs.Comet-GlassFish-v3.src" value="" />
    <property name="libs.ricoh-ant-utils.javadoc" value="" />
    <property name="libs.NetBeans MIDP Components PDA.maven-pom" value="" />
    <property name="libs.restlib.javadoc" value="/usr/local/netbeans-6.9.1/enterprise/docs/jersey-client-1.1.5.1-javadoc.zip:/usr/local/netbeans-6.9.1/enterprise/docs/jersey-core-1.1.5.1-javadoc.zip:/usr/local/netbeans-6.9.1/enterprise/docs/jersey-json-1.1.5.1-javadoc.zip:/usr/local/netbeans-6.9.1/enterprise/docs/jersey-spring-1.1.5.1-javadoc.zip:/usr/local/netbeans-6.9.1/enterprise/docs/oauth-client-1.1.5.1-javadoc.zip:/usr/local/netbeans-6.9.1/enterprise/docs/oauth-signature-1.1.5.1-javadoc.zip" />
    <property name="libs.eclipselink.classpath" value="/usr/local/netbeans-6.9.1/java/modules/ext/eclipselink/eclipselink-2.0.2.jar:/usr/local/netbeans-6.9.1/java/modules/ext/eclipselink/eclipselink-javax.persistence-2.0.jar" />
    <property name="libs.beans-binding.javadoc" value="/usr/local/netbeans-6.9.1/java/docs/beansbinding-1.2.1-doc.zip" />
    <property name="java.awt.graphicsenv" value="sun.awt.X11GraphicsEnvironment" />
    <property name="libs.Java-EE-GlassFish-v3.classpath" value="/usr/local/glassfish-3.0.1/glassfish/modules/endorsed/javax.annotation.jar:/usr/local/glassfish-3.0.1/glassfish/modules/mail.jar:/usr/local/glassfish-3.0.1/glassfish/modules/javax.security.auth.message.jar:/usr/local/glassfish-3.0.1/glassfish/modules/endorsed/webservices-api-osgi.jar:/usr/local/glassfish-3.0.1/glassfish/modules/javax.management.j2ee.jar:/usr/local/glassfish-3.0.1/glassfish/modules/bean-validator.jar:/usr/local/glassfish-3.0.1/glassfish/modules/jstl-impl.jar:/usr/local/glassfish-3.0.1/glassfish/modules/javax.servlet.jsp.jstl.jar:/usr/local/glassfish-3.0.1/glassfish/modules/jsf-api.jar:/usr/local/glassfish-3.0.1/glassfish/modules/weld-osgi-bundle.jar:/usr/local/glassfish-3.0.1/glassfish/modules/javax.servlet.jar:/usr/local/glassfish-3.0.1/glassfish/modules/javax.enterprise.deploy.jar:/usr/local/glassfish-3.0.1/glassfish/modules/jsr311-api.jar:/usr/local/glassfish-3.0.1/glassfish/modules/endorsed/jaxb-api-osgi.jar:/usr/local/glassfish-3.0.1/glassfish/modules/javax.persistence.jar:/usr/local/glassfish-3.0.1/glassfish/modules/javax.resource.jar:/usr/local/glassfish-3.0.1/glassfish/modules/javax.ejb.jar:/usr/local/glassfish-3.0.1/glassfish/modules/javax.jms.jar:/usr/local/glassfish-3.0.1/glassfish/modules/javax.security.jacc.jar:/usr/local/glassfish-3.0.1/glassfish/modules/javax.transaction.jar:/usr/local/glassfish-3.0.1/glassfish/modules/javax.servlet.jsp.jar:/usr/local/glassfish-3.0.1/glassfish/modules/jsf-impl.jar:/usr/local/glassfish-3.0.1/glassfish/modules/web-core.jar" />
    <property name="java.vm.vendor" value="Sun Microsystems Inc." />
    <property name="libs.CopyLibs.classpath" value="/home/paco/.netbeans/6.9/ant/extra/org-netbeans-modules-java-j2seproject-copylibstask.jar" />
    <property name="libs.spring-framework300.classpath" value="/usr/local/netbeans-6.9.1/ide/modules/ext/commons-logging-1.1.jar:/usr/local/netbeans-6.9.1/java/modules/ext/cglib-2.2.jar:/usr/local/netbeans-6.9.1/java/modules/ext/spring-3.0/spring-aop-3.0.2.RELEASE.jar:/usr/local/netbeans-6.9.1/java/modules/ext/spring-3.0/spring-asm-3.0.2.RELEASE.jar:/usr/local/netbeans-6.9.1/java/modules/ext/spring-3.0/spring-aspects-3.0.2.RELEASE.jar:/usr/local/netbeans-6.9.1/java/modules/ext/spring-3.0/spring-beans-3.0.2.RELEASE.jar:/usr/local/netbeans-6.9.1/java/modules/ext/spring-3.0/spring-context-3.0.2.RELEASE.jar:/usr/local/netbeans-6.9.1/java/modules/ext/spring-3.0/spring-context-support-3.0.2.RELEASE.jar:/usr/local/netbeans-6.9.1/java/modules/ext/spring-3.0/spring-core-3.0.2.RELEASE.jar:/usr/local/netbeans-6.9.1/java/modules/ext/spring-3.0/spring-expression-3.0.2.RELEASE.jar:/usr/local/netbeans-6.9.1/java/modules/ext/spring-3.0/spring-instrument-3.0.2.RELEASE.jar:/usr/local/netbeans-6.9.1/java/modules/ext/spring-3.0/spring-instrument-tomcat-3.0.2.RELEASE.jar:/usr/local/netbeans-6.9.1/java/modules/ext/spring-3.0/spring-jdbc-3.0.2.RELEASE.jar:/usr/local/netbeans-6.9.1/java/modules/ext/spring-3.0/spring-jms-3.0.2.RELEASE.jar:/usr/local/netbeans-6.9.1/java/modules/ext/spring-3.0/spring-orm-3.0.2.RELEASE.jar:/usr/local/netbeans-6.9.1/java/modules/ext/spring-3.0/spring-oxm-3.0.2.RELEASE.jar:/usr/local/netbeans-6.9.1/java/modules/ext/spring-3.0/spring-test-3.0.2.RELEASE.jar:/usr/local/netbeans-6.9.1/java/modules/ext/spring-3.0/spring-tx-3.0.2.RELEASE.jar:/usr/local/netbeans-6.9.1/java/modules/ext/spring-3.0/spring-web-3.0.2.RELEASE.jar:/usr/local/netbeans-6.9.1/java/modules/ext/spring-3.0/spring-webmvc-portlet-3.0.2.RELEASE.jar:/usr/local/netbeans-6.9.1/java/modules/ext/spring-3.0/spring-webmvc-3.0.2.RELEASE.jar:/usr/local/netbeans-6.9.1/java/modules/ext/spring-3.0/spring-struts-3.0.2.RELEASE.jar" />
    <property name="libs.jsp-compiler.maven-pom" value="" />
    <property name="libs.spring-webmvc.maven-pom" value="" />
    <property name="libs.Java-EE-GlassFish-v3.wsinterop" value="" />
    <property name="run.jvmargs" value="" />
    <property name="libs.ejb3-persistence.classpath" value="/usr/local/netbeans-6.9.1/java/modules/ext/hibernate/ejb3-persistence.jar" />
    <property name="libs.spring-framework.javadoc" value="" />
    <property name="libs.DataBindingME-PIM.src" value="" />
    <property name="libs.PostgreSQLDriver.classpath" value="/usr/local/netbeans-6.9.1/ide/modules/ext/postgresql-8.3-603.jdbc3.jar" />
    <property name="libs.jsf12.maven-pom" value="" />
    <property name="libs.junit.src" value="" />
    <property name="annotation.processing.source.output" value="build/generated-sources/ap-source-output" />
    <property name="main.class" value="pr치cticaunidad3.Main" />
    <property name="libs.CopyLibs.src" value="" />
    <property name="build.dir" value="build" />
    <property name="libs.jsp-compilation.classpath" value="/usr/local/netbeans-6.9.1/java/ant/lib/ant.jar:/usr/local/netbeans-6.9.1/enterprise/modules/ext/servlet2.5-jsp2.1-api.jar:/usr/local/netbeans-6.9.1/enterprise/modules/ext/glassfish-jspparser-2.0.jar:/usr/local/netbeans-6.9.1/enterprise/modules/ext/glassfish-logging-2.0.jar:/usr/local/netbeans-6.9.1/ide/modules/ext/commons-logging-1.1.jar:/usr/local/netbeans-6.9.1/java/ant/lib/ant-launcher.jar" />
    <property name="ant.version" value="Apache Ant version 1.8.1 compiled on April 30 2010" />
    <property name="build.classes.excludes" value="**/*.java,**/*.form" />
    <property name="file.encoding" value="UTF-8" />
    <property name="javadoc.nonavbar" value="false" />
    <property name="platform.active" value="default_platform" />
  </properties>
  <testcase classname="pr치cticaunidad3.CCuentaTest" name="testIngresar1000" time="0.0030" />
  <testcase classname="pr치cticaunidad3.CCuentaTest" name="testRetirar1000" time="0.0" />
  <testcase classname="pr치cticaunidad3.CCuentaTest" name="testIngresarYRetirar" time="0.0" />
  <system-out><![CDATA[]]></system-out>
  <system-err><![CDATA[]]></system-err>
</testsuite>
